<?xml version="1.0" encoding="UTF-8"?>
<!-- Generated by org.testng.reporters.JUnitXMLReporter -->
<testsuite hostname="DESKTOP-R0QK2O8" ignored="0" name="Default test" tests="3" failures="0" timestamp="03 Oct 2019 18:21:00 GMT" time="1.547" errors="0">
  <testcase name="printTestData" time="0.035" classname="demo.PrintExcelTestData"/>
  <testcase name="printTestData" time="0.007" classname="demo.PrintExcelTestData"/>
  <testcase name="printTestData" time="0.005" classname="demo.PrintExcelTestData"/>
</testsuite> <!-- Default test -->
