<?xml version="1.0" encoding="UTF-8"?>
<testng-results skipped="0" failed="0" ignored="0" total="1" passed="1">
  <reporter-output>
  </reporter-output>
  <suite name="Default suite" duration-ms="23502" started-at="2019-09-23T19:57:49Z" finished-at="2019-09-23T19:58:12Z">
    <groups>
    </groups>
    <test name="Default test" duration-ms="23502" started-at="2019-09-23T19:57:49Z" finished-at="2019-09-23T19:58:12Z">
      <class name="in.amazon.tests.AmazonHomePageTests">
        <test-method status="PASS" signature="preSetup()[pri:0, instance:in.amazon.tests.AmazonHomePageTests@47c62251]" name="preSetup" is-config="true" duration-ms="488" started-at="2019-09-23T19:57:48Z" finished-at="2019-09-23T19:57:49Z">
          <reporter-output>
          </reporter-output>
        </test-method> <!-- preSetup -->
        <test-method status="PASS" signature="setup()[pri:0, instance:in.amazon.tests.AmazonHomePageTests@47c62251]" name="setup" is-config="true" duration-ms="11295" started-at="2019-09-23T19:57:49Z" finished-at="2019-09-23T19:58:00Z">
          <reporter-output>
          </reporter-output>
        </test-method> <!-- setup -->
        <test-method status="PASS" signature="verifySearchProduct()[pri:0, instance:in.amazon.tests.AmazonHomePageTests@47c62251]" name="verifySearchProduct" duration-ms="11082" started-at="2019-09-23T19:58:00Z" finished-at="2019-09-23T19:58:11Z">
          <reporter-output>
          </reporter-output>
        </test-method> <!-- verifySearchProduct -->
        <test-method status="PASS" signature="cleanUp()[pri:0, instance:in.amazon.tests.AmazonHomePageTests@47c62251]" name="cleanUp" is-config="true" duration-ms="1030" started-at="2019-09-23T19:58:11Z" finished-at="2019-09-23T19:58:12Z">
          <reporter-output>
          </reporter-output>
        </test-method> <!-- cleanUp -->
        <test-method status="PASS" signature="postCleanUp()[pri:0, instance:in.amazon.tests.AmazonHomePageTests@47c62251]" name="postCleanUp" is-config="true" duration-ms="746" started-at="2019-09-23T19:58:12Z" finished-at="2019-09-23T19:58:13Z">
          <reporter-output>
          </reporter-output>
        </test-method> <!-- postCleanUp -->
      </class> <!-- in.amazon.tests.AmazonHomePageTests -->
    </test> <!-- Default test -->
  </suite> <!-- Default suite -->
</testng-results>
